<?xml version="1.0" encoding="UTF-8"?>
<testsuite name="enter the page" tests="5" skipped="0" failures="2" errors="0" timestamp="2022-09-01T21:00:38" hostname="DESKTOP-7MNG5Q6" time="74.878">
  <properties/>
  <testcase name="enter the page" classname="enter the page" time="10.149"/>
  <testcase name="enter the page" classname="enter the page" time="8.531"/>
  <testcase name="enter the page" classname="enter the page" time="7.789">
    <failure message="org.openqa.selenium.ElementClickInterceptedException: element click intercepted: Element &lt;a href=&quot;/live&quot; class=&quot;sqs-block-button-element--small sqs-button-element--tertiary sqs-block-button-element&quot; data-initialized=&quot;true&quot;&gt;...&lt;/a&gt; is not clickable at point (674, 22). Other element would receive the click: &lt;a href=&quot;/#discografa-section&quot;&gt;...&lt;/a&gt;&#10;  (Session info: chrome=104.0.5112.102)&#10;Build info: version: '3.141.59', revision: 'e82be7d358', time: '2018-11-14T08:17:03'&#10;System info: host: 'DESKTOP-7MNG5Q6', ip: '10.185.81.124', os.name: 'Windows 10', os.arch: 'amd64', os.version: '10.0', java.version: '15.0.2'&#10;Driver info: org.openqa.selenium.chrome.ChromeDriver&#10;Capabilities {acceptInsecureCerts: false, browserName: chrome, browserVersion: 104.0.5112.102, chrome: {chromedriverVersion: 104.0.5112.79 (3cf3e8c8a07d..., userDataDir: C:\Users\ADMIN\AppData\Loca...}, goog:chromeOptions: {debuggerAddress: localhost:52441}, javascriptEnabled: true, networkConnectionEnabled: false, pageLoadStrategy: normal, platform: WINDOWS, platformName: WINDOWS, proxy: Proxy(), setWindowRect: true, strictFileInteractability: false, timeouts: {implicit: 0, pageLoad: 300000, script: 30000}, unhandledPromptBehavior: dismiss and notify, webauthn:extension:credBlob: true, webauthn:extension:largeBlob: true, webauthn:virtualAuthenticators: true}&#10;Session ID: 9f493a737a398911fcc9887dfc0ccd5d" type="org.openqa.selenium.ElementClickInterceptedException">org.openqa.selenium.ElementClickInterceptedException: element click intercepted: Element &lt;a href=&quot;/live&quot; class=&quot;sqs-block-button-element--small sqs-button-element--tertiary sqs-block-button-element&quot; data-initialized=&quot;true&quot;&gt;...&lt;/a&gt; is not clickable at point (674, 22). Other element would receive the click: &lt;a href=&quot;/#discografa-section&quot;&gt;...&lt;/a&gt;
  (Session info: chrome=104.0.5112.102)
Build info: version: '3.141.59', revision: 'e82be7d358', time: '2018-11-14T08:17:03'
System info: host: 'DESKTOP-7MNG5Q6', ip: '10.185.81.124', os.name: 'Windows 10', os.arch: 'amd64', os.version: '10.0', java.version: '15.0.2'
Driver info: org.openqa.selenium.chrome.ChromeDriver
Capabilities {acceptInsecureCerts: false, browserName: chrome, browserVersion: 104.0.5112.102, chrome: {chromedriverVersion: 104.0.5112.79 (3cf3e8c8a07d..., userDataDir: C:\Users\ADMIN\AppData\Loca...}, goog:chromeOptions: {debuggerAddress: localhost:52441}, javascriptEnabled: true, networkConnectionEnabled: false, pageLoadStrategy: normal, platform: WINDOWS, platformName: WINDOWS, proxy: Proxy(), setWindowRect: true, strictFileInteractability: false, timeouts: {implicit: 0, pageLoad: 300000, script: 30000}, unhandledPromptBehavior: dismiss and notify, webauthn:extension:credBlob: true, webauthn:extension:largeBlob: true, webauthn:virtualAuthenticators: true}
Session ID: 9f493a737a398911fcc9887dfc0ccd5d
	at java.base@15.0.2/jdk.internal.reflect.NativeConstructorAccessorImpl.newInstance0(Native Method)
	at java.base@15.0.2/jdk.internal.reflect.NativeConstructorAccessorImpl.newInstance(NativeConstructorAccessorImpl.java:64)
	at java.base@15.0.2/jdk.internal.reflect.DelegatingConstructorAccessorImpl.newInstance(DelegatingConstructorAccessorImpl.java:45)
	at java.base@15.0.2/java.lang.reflect.Constructor.newInstanceWithCaller(Constructor.java:500)
	at java.base@15.0.2/java.lang.reflect.Constructor.newInstance(Constructor.java:481)
	at app//org.openqa.selenium.remote.http.W3CHttpResponseCodec.createException(W3CHttpResponseCodec.java:187)
	at app//org.openqa.selenium.remote.http.W3CHttpResponseCodec.decode(W3CHttpResponseCodec.java:122)
	at app//org.openqa.selenium.remote.http.W3CHttpResponseCodec.decode(W3CHttpResponseCodec.java:49)
	at app//org.openqa.selenium.remote.HttpCommandExecutor.execute(HttpCommandExecutor.java:158)
	at app//org.openqa.selenium.remote.service.DriverCommandExecutor.execute(DriverCommandExecutor.java:83)
	at app//org.openqa.selenium.remote.RemoteWebDriver.execute(RemoteWebDriver.java:552)
	at app//org.openqa.selenium.remote.RemoteWebElement.execute(RemoteWebElement.java:285)
	at app//org.openqa.selenium.remote.RemoteWebElement.click(RemoteWebElement.java:84)
	at app//net.serenitybdd.core.pages.WebElementFacadeImpl.click(WebElementFacadeImpl.java:1227)
	at app//net.serenitybdd.screenplay.actions.ClickOnTarget.performAs(ClickOnTarget.java:13)
	at app//net.serenitybdd.screenplay.actions.ClickOnTarget$$EnhancerByCGLIB$$e3f2ec6d.CGLIB$performAs$0(&lt;generated&gt;)
	at app//net.serenitybdd.screenplay.actions.ClickOnTarget$$EnhancerByCGLIB$$e3f2ec6d$$FastClassByCGLIB$$eb009f51.invoke(&lt;generated&gt;)
	at app//net.sf.cglib.proxy.MethodProxy.invokeSuper(MethodProxy.java:228)
	at app//net.thucydides.core.steps.StepInterceptor.invokeMethod(StepInterceptor.java:461)
	at app//net.thucydides.core.steps.StepInterceptor.executeTestStepMethod(StepInterceptor.java:446)
	at app//net.thucydides.core.steps.StepInterceptor.runTestStep(StepInterceptor.java:421)
	at app//net.thucydides.core.steps.StepInterceptor.runOrSkipMethod(StepInterceptor.java:176)
	at app//net.thucydides.core.steps.StepInterceptor.testStepResult(StepInterceptor.java:163)
	at app//net.thucydides.core.steps.StepInterceptor.intercept(StepInterceptor.java:69)
	at app//net.serenitybdd.screenplay.actions.ClickOnTarget$$EnhancerByCGLIB$$e3f2ec6d.performAs(&lt;generated&gt;)
	at app//net.serenitybdd.screenplay.Actor.performTask(Actor.java:233)
	at app//net.serenitybdd.screenplay.Actor.perform(Actor.java:214)
	at app//net.serenitybdd.screenplay.Actor.attemptsTo(Actor.java:171)
	at app//co.com.andrescepeda.tasks.Event.performAs(Event.java:22)
	at app//co.com.andrescepeda.tasks.Event$$EnhancerByCGLIB$$61a1e40c.CGLIB$performAs$0(&lt;generated&gt;)
	at app//co.com.andrescepeda.tasks.Event$$EnhancerByCGLIB$$61a1e40c$$FastClassByCGLIB$$7d40dd1b.invoke(&lt;generated&gt;)
	at app//net.sf.cglib.proxy.MethodProxy.invokeSuper(MethodProxy.java:228)
	at app//net.thucydides.core.steps.StepInterceptor.invokeMethod(StepInterceptor.java:461)
	at app//net.thucydides.core.steps.StepInterceptor.executeTestStepMethod(StepInterceptor.java:446)
	at app//net.thucydides.core.steps.StepInterceptor.runTestStep(StepInterceptor.java:421)
	at app//net.thucydides.core.steps.StepInterceptor.runOrSkipMethod(StepInterceptor.java:176)
	at app//net.thucydides.core.steps.StepInterceptor.testStepResult(StepInterceptor.java:163)
	at app//net.thucydides.core.steps.StepInterceptor.intercept(StepInterceptor.java:69)
	at app//co.com.andrescepeda.tasks.Event$$EnhancerByCGLIB$$61a1e40c.performAs(&lt;generated&gt;)
	at app//net.serenitybdd.screenplay.Actor.performTask(Actor.java:233)
	at app//net.serenitybdd.screenplay.Actor.perform(Actor.java:214)
	at app//net.serenitybdd.screenplay.Actor.attemptsTo(Actor.java:171)
	at app//co.com.andrescepeda.stepdefinitions.PaginaStepDefinitions.when_you_select_the_events_option_and_the_upcoming_events_option(PaginaStepDefinitions.java:88)
	at ✽.When you select the Events option and the Upcoming Events option(src/test/resources/features/pagina.feature:17)
</failure>
  </testcase>
  <testcase name="Interact to website on the option photos Andres Cepeda" classname="enter the page" time="17.972"/>
  <testcase name="Interact to website on the option store Andres Cepeda" classname="enter the page" time="30.317">
    <failure message="org.openqa.selenium.NoSuchElementException: no such element: Unable to locate element: {&quot;method&quot;:&quot;xpath&quot;,&quot;selector&quot;:&quot;//body/div/div/div/div/div/div/div[2]/div/div[2]/p/span/bdi&quot;}&#10;  (Session info: chrome=104.0.5112.102)&#10;For documentation on this error, please visit: https://www.seleniumhq.org/exceptions/no_such_element.html&#10;Build info: version: '3.141.59', revision: 'e82be7d358', time: '2018-11-14T08:17:03'&#10;System info: host: 'DESKTOP-7MNG5Q6', ip: '10.185.81.124', os.name: 'Windows 10', os.arch: 'amd64', os.version: '10.0', java.version: '15.0.2'&#10;Driver info: org.openqa.selenium.chrome.ChromeDriver&#10;Capabilities {acceptInsecureCerts: false, browserName: chrome, browserVersion: 104.0.5112.102, chrome: {chromedriverVersion: 104.0.5112.79 (3cf3e8c8a07d..., userDataDir: C:\Users\ADMIN\AppData\Loca...}, goog:chromeOptions: {debuggerAddress: localhost:52640}, javascriptEnabled: true, networkConnectionEnabled: false, pageLoadStrategy: normal, platform: WINDOWS, platformName: WINDOWS, proxy: Proxy(), setWindowRect: true, strictFileInteractability: false, timeouts: {implicit: 0, pageLoad: 300000, script: 30000}, unhandledPromptBehavior: dismiss and notify, webauthn:extension:credBlob: true, webauthn:extension:largeBlob: true, webauthn:virtualAuthenticators: true}&#10;Session ID: 2893616b6c5ca5ae74eb71547461b4ef&#10;*** Element info: {Using=xpath, value=//body/div/div/div/div/div/div/div[2]/div/div[2]/p/span/bdi}" type="org.openqa.selenium.NoSuchElementException">org.openqa.selenium.NoSuchElementException: no such element: Unable to locate element: {&quot;method&quot;:&quot;xpath&quot;,&quot;selector&quot;:&quot;//body/div/div/div/div/div/div/div[2]/div/div[2]/p/span/bdi&quot;}
  (Session info: chrome=104.0.5112.102)
For documentation on this error, please visit: https://www.seleniumhq.org/exceptions/no_such_element.html
Build info: version: '3.141.59', revision: 'e82be7d358', time: '2018-11-14T08:17:03'
System info: host: 'DESKTOP-7MNG5Q6', ip: '10.185.81.124', os.name: 'Windows 10', os.arch: 'amd64', os.version: '10.0', java.version: '15.0.2'
Driver info: org.openqa.selenium.chrome.ChromeDriver
Capabilities {acceptInsecureCerts: false, browserName: chrome, browserVersion: 104.0.5112.102, chrome: {chromedriverVersion: 104.0.5112.79 (3cf3e8c8a07d..., userDataDir: C:\Users\ADMIN\AppData\Loca...}, goog:chromeOptions: {debuggerAddress: localhost:52640}, javascriptEnabled: true, networkConnectionEnabled: false, pageLoadStrategy: normal, platform: WINDOWS, platformName: WINDOWS, proxy: Proxy(), setWindowRect: true, strictFileInteractability: false, timeouts: {implicit: 0, pageLoad: 300000, script: 30000}, unhandledPromptBehavior: dismiss and notify, webauthn:extension:credBlob: true, webauthn:extension:largeBlob: true, webauthn:virtualAuthenticators: true}
Session ID: 2893616b6c5ca5ae74eb71547461b4ef
*** Element info: {Using=xpath, value=//body/div/div/div/div/div/div/div[2]/div/div[2]/p/span/bdi}
	at java.base@15.0.2/jdk.internal.reflect.NativeConstructorAccessorImpl.newInstance0(Native Method)
	at java.base@15.0.2/jdk.internal.reflect.NativeConstructorAccessorImpl.newInstance(NativeConstructorAccessorImpl.java:64)
	at java.base@15.0.2/jdk.internal.reflect.DelegatingConstructorAccessorImpl.newInstance(DelegatingConstructorAccessorImpl.java:45)
	at java.base@15.0.2/java.lang.reflect.Constructor.newInstanceWithCaller(Constructor.java:500)
	at java.base@15.0.2/java.lang.reflect.Constructor.newInstance(Constructor.java:481)
	at app//org.openqa.selenium.remote.http.W3CHttpResponseCodec.createException(W3CHttpResponseCodec.java:187)
	at app//org.openqa.selenium.remote.http.W3CHttpResponseCodec.decode(W3CHttpResponseCodec.java:122)
	at app//org.openqa.selenium.remote.http.W3CHttpResponseCodec.decode(W3CHttpResponseCodec.java:49)
	at app//org.openqa.selenium.remote.HttpCommandExecutor.execute(HttpCommandExecutor.java:158)
	at app//org.openqa.selenium.remote.service.DriverCommandExecutor.execute(DriverCommandExecutor.java:83)
	at app//org.openqa.selenium.remote.RemoteWebDriver.execute(RemoteWebDriver.java:552)
	at app//org.openqa.selenium.remote.RemoteWebDriver.findElement(RemoteWebDriver.java:323)
	at app//org.openqa.selenium.remote.RemoteWebDriver.findElementByXPath(RemoteWebDriver.java:428)
	at app//org.openqa.selenium.By$ByXPath.findElement(By.java:353)
	at app//org.openqa.selenium.remote.RemoteWebDriver.findElement(RemoteWebDriver.java:315)
	at app//net.thucydides.core.webdriver.WebDriverFacade.findElement(WebDriverFacade.java:222)
	at app//net.serenitybdd.core.pages.WebElementResolverByLocator.resolveForDriver(WebElementResolverByLocator.java:18)
	at app//net.serenitybdd.core.pages.WebElementFacadeImpl.getElement(WebElementFacadeImpl.java:217)
	at app//net.serenitybdd.core.pages.WebElementFacadeImpl.getWrappedElement(WebElementFacadeImpl.java:1359)
	at app//org.openqa.selenium.remote.internal.WebElementToJsonConverter.apply(WebElementToJsonConverter.java:50)
	at java.base@15.0.2/java.util.stream.ReferencePipeline$3$1.accept(ReferencePipeline.java:195)
	at java.base@15.0.2/java.util.Spliterators$ArraySpliterator.forEachRemaining(Spliterators.java:948)
	at java.base@15.0.2/java.util.stream.AbstractPipeline.copyInto(AbstractPipeline.java:484)
	at java.base@15.0.2/java.util.stream.AbstractPipeline.wrapAndCopyInto(AbstractPipeline.java:474)
	at java.base@15.0.2/java.util.stream.ReduceOps$ReduceOp.evaluateSequential(ReduceOps.java:913)
	at java.base@15.0.2/java.util.stream.AbstractPipeline.evaluate(AbstractPipeline.java:234)
	at java.base@15.0.2/java.util.stream.ReferencePipeline.collect(ReferencePipeline.java:578)
	at app//org.openqa.selenium.remote.RemoteWebDriver.executeScript(RemoteWebDriver.java:484)
	at app//net.thucydides.core.webdriver.javascript.JavascriptExecutorFacade.executeScript(JavascriptExecutorFacade.java:70)
	at app//net.serenitybdd.core.pages.PageObject.evaluateJavascript(PageObject.java:1177)
	at app//net.serenitybdd.screenplay.actions.ScrollTo.performScrollTo(ScrollTo.java:23)
	at app//net.serenitybdd.screenplay.actions.ScrollToTarget.performAs(ScrollToTarget.java:14)
	at app//net.serenitybdd.screenplay.Actor.performTask(Actor.java:233)
	at app//net.serenitybdd.screenplay.Actor.perform(Actor.java:214)
	at app//net.serenitybdd.screenplay.Actor.performWithoutReporting(Actor.java:198)
	at app//net.serenitybdd.screenplay.Actor.attemptsTo(Actor.java:169)
	at app//co.com.andrescepeda.tasks.BuyItems.performAs(BuyItems.java:28)
	at app//co.com.andrescepeda.tasks.BuyItems$$EnhancerByCGLIB$$ec0a22f8.CGLIB$performAs$0(&lt;generated&gt;)
	at app//co.com.andrescepeda.tasks.BuyItems$$EnhancerByCGLIB$$ec0a22f8$$FastClassByCGLIB$$fd1caf2b.invoke(&lt;generated&gt;)
	at app//net.sf.cglib.proxy.MethodProxy.invokeSuper(MethodProxy.java:228)
	at app//net.thucydides.core.steps.StepInterceptor.invokeMethod(StepInterceptor.java:461)
	at app//net.thucydides.core.steps.StepInterceptor.executeTestStepMethod(StepInterceptor.java:446)
	at app//net.thucydides.core.steps.StepInterceptor.runTestStep(StepInterceptor.java:421)
	at app//net.thucydides.core.steps.StepInterceptor.runOrSkipMethod(StepInterceptor.java:176)
	at app//net.thucydides.core.steps.StepInterceptor.testStepResult(StepInterceptor.java:163)
	at app//net.thucydides.core.steps.StepInterceptor.intercept(StepInterceptor.java:69)
	at app//co.com.andrescepeda.tasks.BuyItems$$EnhancerByCGLIB$$ec0a22f8.performAs(&lt;generated&gt;)
	at app//net.serenitybdd.screenplay.Actor.performTask(Actor.java:233)
	at app//net.serenitybdd.screenplay.Actor.perform(Actor.java:214)
	at app//net.serenitybdd.screenplay.Actor.attemptsTo(Actor.java:171)
	at app//co.com.andrescepeda.stepdefinitions.PaginaStepDefinitions.select_the_option_Store_and_buy_two_items(PaginaStepDefinitions.java:56)
	at ✽.select the option Store and buy two items(src/test/resources/features/pagina.feature:29)
</failure>
  </testcase>
  <system-out><![CDATA[ENTREVISTA: 'GUITARRA Y VOZ', LA PROPUESTA MÁS ÍNTIMA DE ANDRÉS CEPEDA
Productor, cantante y compositor bogotano que cuenta con una trayectoria única, que le ha permitido girar por el mundo; ser portada de múltiples revistas, diarios y Playlist en importantes plataformas musicales, ser jurado en programas de talento, lograr primeros lugares en la radio con innumerables sencillos, participar en shows en vivo y/o grabaciones en estudio con grandes artistas como: Juan Luis Guerra, Jessi &  Joy, Cali & El Dandee, Morat, Joss Favela, Leo Dan, Fonseca, Ricardo Montaner, Kany García, Tommy Torres, entre muchos otros.
https://www.instagram.com/p/Ch3EcGtAInd/
]]></system-out>
  <system-err><![CDATA[[Test worker] INFO net.thucydides.core.steps.ConsoleLoggingListener - STARTING STEP Given Since you enter the website "https://andrescepeda.com.co/"
[Test worker] INFO net.thucydides.core.steps.ConsoleLoggingListener - STARTING STEP luna opens the https://andrescepeda.com.co/
sep. 01, 2022 4:00:39 P. M. org.openqa.selenium.remote.DesiredCapabilities chrome
INFO: Using `new ChromeOptions()` is preferred to `DesiredCapabilities.chrome()`
[Test worker] INFO net.serenitybdd.core.webdriver.driverproviders.ProvideNewDriver - Instantiating driver
[Test worker] INFO net.serenitybdd.core.webdriver.driverproviders.ProvideNewDriver - Driver capabilities: Capabilities {acceptInsecureCerts: false, browserName: chrome, chrome.switches: "--disable-notifications, -..., goog:chromeOptions: {args: [--", --disable-notifications, --enable-automation, --profile-directory=Default, --disable-web-security, --disable-plugins-discovery, --disk-cache-dir=null, --disable-popup-blocking, --disable-downloa-notification, --start-maximized, --ignore-certificate-errors, --allow-running-insecure-co..., --disable-translate, always..., --incognito", --enable-automation, --test-type], extensions: []}, loggingPrefs: org.openqa.selenium.logging..., platform: ANY, version: }
Starting ChromeDriver 104.0.5112.79 (3cf3e8c8a07d104b9e1260c910efb8f383285dc5-refs/branch-heads/5112@{#1307}) on port 30506
Only local connections are allowed.
Please see https://chromedriver.chromium.org/security-considerations for suggestions on keeping ChromeDriver safe.
ChromeDriver was started successfully.
sep. 01, 2022 4:00:42 P. M. org.openqa.selenium.remote.ProtocolHandshake createSession
INFO: Detected dialect: W3C
[Test worker] INFO net.thucydides.core.steps.ConsoleLoggingListener - FINISHING STEP
[Test worker] INFO net.thucydides.core.steps.ConsoleLoggingListener - FINISHING STEP
[Test worker] INFO net.thucydides.core.steps.ConsoleLoggingListener - STARTING STEP When you select the News option and select a publication
[Test worker] INFO net.thucydides.core.steps.ConsoleLoggingListener - STARTING STEP Luna noticias
[Test worker] INFO net.thucydides.core.steps.ConsoleLoggingListener - STARTING STEP luna clicks on boton de noticias
[Test worker] INFO net.thucydides.core.steps.ConsoleLoggingListener - FINISHING STEP
[Test worker] INFO net.thucydides.core.steps.ConsoleLoggingListener - FINISHING STEP
[Test worker] INFO net.thucydides.core.steps.ConsoleLoggingListener - FINISHING STEP
[Test worker] INFO net.thucydides.core.steps.ConsoleLoggingListener - STARTING STEP Then You will then need to validate that the information provided by the page is displayed in the console and compared to a text.
[Test worker] INFO net.thucydides.core.steps.ConsoleLoggingListener - STARTING STEP Then noticias q should be 'ENTREVISTA: 'GUITARRA Y VOZ', LA PROPUESTA M&Aacute;S &Iacute;NTIMA DE ANDR&Eacute;S CEPEDA'
[Test worker] INFO net.thucydides.core.steps.ConsoleLoggingListener - FINISHING STEP
[Test worker] INFO net.thucydides.core.steps.ConsoleLoggingListener - FINISHING STEP
[Test worker] INFO net.thucydides.core.steps.ConsoleLoggingListener - ?[92m
        __    _____ _____ ____ _____   ____   _    ____  ____  _____ ____  
  _     \ \  |_   _| ____/ ___|_   _| |  _ \ / \  / ___|/ ___|| ____|  _ \ 
 (_)_____| |   | | |  _| \___ \ | |   | |_) / _ \ \___ \\___ \|  _| | | | |
  _|_____| |   | | | |___ ___) || |   |  __/ ___ \ ___) |___) | |___| |_| |
 (_)     | |   |_| |_____|____/ |_|   |_| /_/   \_\____/|____/|_____|____/ 
        /_/                                                                

TEST PASSED: enter the page
----------------------------------------------------------------------------?[0m
[Test worker] INFO net.thucydides.core.steps.ConsoleLoggingListener - STARTING STEP Given Since you enter the website "https://andrescepeda.com.co/"
[Test worker] INFO net.thucydides.core.steps.ConsoleLoggingListener - STARTING STEP luna opens the https://andrescepeda.com.co/
sep. 01, 2022 4:00:49 P. M. org.openqa.selenium.remote.DesiredCapabilities chrome
INFO: Using `new ChromeOptions()` is preferred to `DesiredCapabilities.chrome()`
[Test worker] INFO net.serenitybdd.core.webdriver.driverproviders.ProvideNewDriver - Instantiating driver
[Test worker] INFO net.serenitybdd.core.webdriver.driverproviders.ProvideNewDriver - Driver capabilities: Capabilities {acceptInsecureCerts: false, browserName: chrome, chrome.switches: "--disable-notifications, -..., goog:chromeOptions: {args: [--", --disable-notifications, --enable-automation, --profile-directory=Default, --disable-web-security, --disable-plugins-discovery, --disk-cache-dir=null, --disable-popup-blocking, --disable-downloa-notification, --start-maximized, --ignore-certificate-errors, --allow-running-insecure-co..., --disable-translate, always..., --incognito", --enable-automation, --test-type], extensions: []}, loggingPrefs: org.openqa.selenium.logging..., platform: ANY, version: }
Starting ChromeDriver 104.0.5112.79 (3cf3e8c8a07d104b9e1260c910efb8f383285dc5-refs/branch-heads/5112@{#1307}) on port 17488
Only local connections are allowed.
Please see https://chromedriver.chromium.org/security-considerations for suggestions on keeping ChromeDriver safe.
ChromeDriver was started successfully.
sep. 01, 2022 4:00:50 P. M. org.openqa.selenium.remote.ProtocolHandshake createSession
INFO: Detected dialect: W3C
[Test worker] INFO net.thucydides.core.steps.ConsoleLoggingListener - FINISHING STEP
[Test worker] INFO net.thucydides.core.steps.ConsoleLoggingListener - FINISHING STEP
[Test worker] INFO net.thucydides.core.steps.ConsoleLoggingListener - STARTING STEP When When you select the BIO option
[Test worker] INFO net.thucydides.core.steps.ConsoleLoggingListener - STARTING STEP Luna bio
[Test worker] INFO net.thucydides.core.steps.ConsoleLoggingListener - STARTING STEP luna clicks on boton de bio
[Test worker] INFO net.thucydides.core.steps.ConsoleLoggingListener - FINISHING STEP
[Test worker] INFO net.thucydides.core.steps.ConsoleLoggingListener - FINISHING STEP
[Test worker] INFO net.thucydides.core.steps.ConsoleLoggingListener - FINISHING STEP
[Test worker] INFO net.thucydides.core.steps.ConsoleLoggingListener - STARTING STEP Then When you select the BIO option bio
[Test worker] INFO net.thucydides.core.steps.ConsoleLoggingListener - STARTING STEP Then bio q should be (false)
[Test worker] INFO net.thucydides.core.steps.ConsoleLoggingListener - FINISHING STEP
[Test worker] INFO net.thucydides.core.steps.ConsoleLoggingListener - FINISHING STEP
[Test worker] INFO net.thucydides.core.steps.ConsoleLoggingListener - ?[92m
        __    _____ _____ ____ _____   ____   _    ____  ____  _____ ____  
  _     \ \  |_   _| ____/ ___|_   _| |  _ \ / \  / ___|/ ___|| ____|  _ \ 
 (_)_____| |   | | |  _| \___ \ | |   | |_) / _ \ \___ \\___ \|  _| | | | |
  _|_____| |   | | | |___ ___) || |   |  __/ ___ \ ___) |___) | |___| |_| |
 (_)     | |   |_| |_____|____/ |_|   |_| /_/   \_\____/|____/|_____|____/ 
        /_/                                                                

TEST PASSED: enter the page
----------------------------------------------------------------------------?[0m
[Test worker] INFO net.thucydides.core.steps.ConsoleLoggingListener - STARTING STEP Given Since you enter the website "https://andrescepeda.com.co/"
[Test worker] INFO net.thucydides.core.steps.ConsoleLoggingListener - STARTING STEP luna opens the https://andrescepeda.com.co/
sep. 01, 2022 4:00:57 P. M. org.openqa.selenium.remote.DesiredCapabilities chrome
INFO: Using `new ChromeOptions()` is preferred to `DesiredCapabilities.chrome()`
[Test worker] INFO net.serenitybdd.core.webdriver.driverproviders.ProvideNewDriver - Instantiating driver
[Test worker] INFO net.serenitybdd.core.webdriver.driverproviders.ProvideNewDriver - Driver capabilities: Capabilities {acceptInsecureCerts: false, browserName: chrome, chrome.switches: "--disable-notifications, -..., goog:chromeOptions: {args: [--", --disable-notifications, --enable-automation, --profile-directory=Default, --disable-web-security, --disable-plugins-discovery, --disk-cache-dir=null, --disable-popup-blocking, --disable-downloa-notification, --start-maximized, --ignore-certificate-errors, --allow-running-insecure-co..., --disable-translate, always..., --incognito", --enable-automation, --test-type], extensions: []}, loggingPrefs: org.openqa.selenium.logging..., platform: ANY, version: }
Starting ChromeDriver 104.0.5112.79 (3cf3e8c8a07d104b9e1260c910efb8f383285dc5-refs/branch-heads/5112@{#1307}) on port 20992
Only local connections are allowed.
Please see https://chromedriver.chromium.org/security-considerations for suggestions on keeping ChromeDriver safe.
ChromeDriver was started successfully.
sep. 01, 2022 4:00:59 P. M. org.openqa.selenium.remote.ProtocolHandshake createSession
INFO: Detected dialect: W3C
[Test worker] INFO net.thucydides.core.steps.ConsoleLoggingListener - FINISHING STEP
[Test worker] INFO net.thucydides.core.steps.ConsoleLoggingListener - FINISHING STEP
[Test worker] INFO net.thucydides.core.steps.ConsoleLoggingListener - STARTING STEP When When you select the Events option and the Upcoming Events option
[Test worker] INFO net.thucydides.core.steps.ConsoleLoggingListener - STARTING STEP Luna event
[Test worker] INFO net.thucydides.core.steps.ConsoleLoggingListener - STARTING STEP luna clicks on boton de proximos eventos
[Test worker] INFO net.thucydides.core.steps.ConsoleLoggingListener - ?[91mSTEP ERROR: org.openqa.selenium.ElementClickInterceptedException: element click intercepted: Element <a href="/live" class="sqs-block-button-element--small sqs-button-element--tertiary sqs-block-button-element" data-initialized="true">...</a> is not clickable at point (674, 22). Other element would receive the click: <a href="/#discografa-section">...</a>
  (Session info: chrome=104.0.5112.102)
Build info: version: '3.141.59', revision: 'e82be7d358', time: '2018-11-14T08:17:03'
System info: host: 'DESKTOP-7MNG5Q6', ip: '10.185.81.124', os.name: 'Windows 10', os.arch: 'amd64', os.version: '10.0', java.version: '15.0.2'
Driver info: org.openqa.selenium.chrome.ChromeDriver
Capabilities {acceptInsecureCerts: false, browserName: chrome, browserVersion: 104.0.5112.102, chrome: {chromedriverVersion: 104.0.5112.79 (3cf3e8c8a07d..., userDataDir: C:\Users\ADMIN\AppData\Loca...}, goog:chromeOptions: {debuggerAddress: localhost:52441}, javascriptEnabled: true, networkConnectionEnabled: false, pageLoadStrategy: normal, platform: WINDOWS, platformName: WINDOWS, proxy: Proxy(), setWindowRect: true, strictFileInteractability: false, timeouts: {implicit: 0, pageLoad: 300000, script: 30000}, unhandledPromptBehavior: dismiss and notify, webauthn:extension:credBlob: true, webauthn:extension:largeBlob: true, webauthn:virtualAuthenticators: true}
Session ID: 9f493a737a398911fcc9887dfc0ccd5d?[0m
[Test worker] INFO net.thucydides.core.steps.ConsoleLoggingListener - ?[91mSTEP ERROR: org.openqa.selenium.ElementClickInterceptedException: element click intercepted: Element <a href="/live" class="sqs-block-button-element--small sqs-button-element--tertiary sqs-block-button-element" data-initialized="true">...</a> is not clickable at point (674, 22). Other element would receive the click: <a href="/#discografa-section">...</a>
  (Session info: chrome=104.0.5112.102)
Build info: version: '3.141.59', revision: 'e82be7d358', time: '2018-11-14T08:17:03'
System info: host: 'DESKTOP-7MNG5Q6', ip: '10.185.81.124', os.name: 'Windows 10', os.arch: 'amd64', os.version: '10.0', java.version: '15.0.2'
Driver info: org.openqa.selenium.chrome.ChromeDriver
Capabilities {acceptInsecureCerts: false, browserName: chrome, browserVersion: 104.0.5112.102, chrome: {chromedriverVersion: 104.0.5112.79 (3cf3e8c8a07d..., userDataDir: C:\Users\ADMIN\AppData\Loca...}, goog:chromeOptions: {debuggerAddress: localhost:52441}, javascriptEnabled: true, networkConnectionEnabled: false, pageLoadStrategy: normal, platform: WINDOWS, platformName: WINDOWS, proxy: Proxy(), setWindowRect: true, strictFileInteractability: false, timeouts: {implicit: 0, pageLoad: 300000, script: 30000}, unhandledPromptBehavior: dismiss and notify, webauthn:extension:credBlob: true, webauthn:extension:largeBlob: true, webauthn:virtualAuthenticators: true}
Session ID: 9f493a737a398911fcc9887dfc0ccd5d?[0m
[Test worker] INFO net.thucydides.core.steps.ConsoleLoggingListener - ?[91mSTEP ERROR: org.openqa.selenium.ElementClickInterceptedException: element click intercepted: Element <a href="/live" class="sqs-block-button-element--small sqs-button-element--tertiary sqs-block-button-element" data-initialized="true">...</a> is not clickable at point (674, 22). Other element would receive the click: <a href="/#discografa-section">...</a>
  (Session info: chrome=104.0.5112.102)
Build info: version: '3.141.59', revision: 'e82be7d358', time: '2018-11-14T08:17:03'
System info: host: 'DESKTOP-7MNG5Q6', ip: '10.185.81.124', os.name: 'Windows 10', os.arch: 'amd64', os.version: '10.0', java.version: '15.0.2'
Driver info: org.openqa.selenium.chrome.ChromeDriver
Capabilities {acceptInsecureCerts: false, browserName: chrome, browserVersion: 104.0.5112.102, chrome: {chromedriverVersion: 104.0.5112.79 (3cf3e8c8a07d..., userDataDir: C:\Users\ADMIN\AppData\Loca...}, goog:chromeOptions: {debuggerAddress: localhost:52441}, javascriptEnabled: true, networkConnectionEnabled: false, pageLoadStrategy: normal, platform: WINDOWS, platformName: WINDOWS, proxy: Proxy(), setWindowRect: true, strictFileInteractability: false, timeouts: {implicit: 0, pageLoad: 300000, script: 30000}, unhandledPromptBehavior: dismiss and notify, webauthn:extension:credBlob: true, webauthn:extension:largeBlob: true, webauthn:virtualAuthenticators: true}
Session ID: 9f493a737a398911fcc9887dfc0ccd5d?[0m
[Test worker] INFO net.thucydides.core.steps.ConsoleLoggingListener - ?[91mSTEP ERROR: org.openqa.selenium.ElementClickInterceptedException: element click intercepted: Element <a href="/live" class="sqs-block-button-element--small sqs-button-element--tertiary sqs-block-button-element" data-initialized="true">...</a> is not clickable at point (674, 22). Other element would receive the click: <a href="/#discografa-section">...</a>
  (Session info: chrome=104.0.5112.102)
Build info: version: '3.141.59', revision: 'e82be7d358', time: '2018-11-14T08:17:03'
System info: host: 'DESKTOP-7MNG5Q6', ip: '10.185.81.124', os.name: 'Windows 10', os.arch: 'amd64', os.version: '10.0', java.version: '15.0.2'
Driver info: org.openqa.selenium.chrome.ChromeDriver
Capabilities {acceptInsecureCerts: false, browserName: chrome, browserVersion: 104.0.5112.102, chrome: {chromedriverVersion: 104.0.5112.79 (3cf3e8c8a07d..., userDataDir: C:\Users\ADMIN\AppData\Loca...}, goog:chromeOptions: {debuggerAddress: localhost:52441}, javascriptEnabled: true, networkConnectionEnabled: false, pageLoadStrategy: normal, platform: WINDOWS, platformName: WINDOWS, proxy: Proxy(), setWindowRect: true, strictFileInteractability: false, timeouts: {implicit: 0, pageLoad: 300000, script: 30000}, unhandledPromptBehavior: dismiss and notify, webauthn:extension:credBlob: true, webauthn:extension:largeBlob: true, webauthn:virtualAuthenticators: true}
Session ID: 9f493a737a398911fcc9887dfc0ccd5d?[0m
[Test worker] INFO net.thucydides.core.steps.ConsoleLoggingListener - STARTING STEP Then When you select the Events option and the Upcoming Events option event
[Test worker] INFO net.thucydides.core.steps.ConsoleLoggingListener - ?[33mIGNORING STEP?[0m
[Test worker] ERROR net.thucydides.core.steps.ConsoleLoggingListener - ?[91m
           __  _____ _____ ____ _____   _____ _    ___ _     _____ ____  
  _       / / |_   _| ____/ ___|_   _| |  ___/ \  |_ _| |   | ____|  _ \ 
 (_)_____| |    | | |  _| \___ \ | |   | |_ / _ \  | || |   |  _| | | | |
  _|_____| |    | | | |___ ___) || |   |  _/ ___ \ | || |___| |___| |_| |
 (_)     | |    |_| |_____|____/ |_|   |_|/_/   \_\___|_____|_____|____/ 
          \_\                                                            

TEST FAILED WITH ERROR: enter the page
---------------------------------------------------------------------?[0m
[Test worker] ERROR net.thucydides.core.steps.ConsoleLoggingListener - ?[91mTEST FAILED AT STEP luna clicks on boton de proximos eventos?[0m
[Test worker] ERROR net.thucydides.core.steps.ConsoleLoggingListener - element click intercepted: Element <a href="/live" class="sqs-block-button-element--small sqs-button-element--tertiary sqs-block-button-element" data-initialized="true">...</a> is not clickable at point (674, 22). Other element would receive the click: <a href="/#discografa-section">...</a>
[Test worker] INFO net.thucydides.core.steps.ConsoleLoggingListener - STARTING STEP Given Since you enter the website "https://andrescepeda.com.co/"
[Test worker] INFO net.thucydides.core.steps.ConsoleLoggingListener - STARTING STEP luna opens the https://andrescepeda.com.co/
sep. 01, 2022 4:01:05 P. M. org.openqa.selenium.remote.DesiredCapabilities chrome
INFO: Using `new ChromeOptions()` is preferred to `DesiredCapabilities.chrome()`
[Test worker] INFO net.serenitybdd.core.webdriver.driverproviders.ProvideNewDriver - Instantiating driver
[Test worker] INFO net.serenitybdd.core.webdriver.driverproviders.ProvideNewDriver - Driver capabilities: Capabilities {acceptInsecureCerts: false, browserName: chrome, chrome.switches: "--disable-notifications, -..., goog:chromeOptions: {args: [--", --disable-notifications, --enable-automation, --profile-directory=Default, --disable-web-security, --disable-plugins-discovery, --disk-cache-dir=null, --disable-popup-blocking, --disable-downloa-notification, --start-maximized, --ignore-certificate-errors, --allow-running-insecure-co..., --disable-translate, always..., --incognito", --enable-automation, --test-type], extensions: []}, loggingPrefs: org.openqa.selenium.logging..., platform: ANY, version: }
Starting ChromeDriver 104.0.5112.79 (3cf3e8c8a07d104b9e1260c910efb8f383285dc5-refs/branch-heads/5112@{#1307}) on port 45519
Only local connections are allowed.
Please see https://chromedriver.chromium.org/security-considerations for suggestions on keeping ChromeDriver safe.
ChromeDriver was started successfully.
sep. 01, 2022 4:01:07 P. M. org.openqa.selenium.remote.ProtocolHandshake createSession
INFO: Detected dialect: W3C
[Test worker] INFO net.thucydides.core.steps.ConsoleLoggingListener - FINISHING STEP
[Test worker] INFO net.thucydides.core.steps.ConsoleLoggingListener - FINISHING STEP
[Test worker] INFO net.thucydides.core.steps.ConsoleLoggingListener - STARTING STEP When select the option Photos and select the one publication
[Test worker] INFO net.thucydides.core.steps.ConsoleLoggingListener - STARTING STEP Luna information photos
[Test worker] INFO net.thucydides.core.steps.ConsoleLoggingListener - STARTING STEP luna clicks on Botón opción fotos
[Test worker] INFO net.thucydides.core.steps.ConsoleLoggingListener - FINISHING STEP
[Test worker] INFO net.thucydides.core.steps.ConsoleLoggingListener - FINISHING STEP
[Test worker] INFO net.thucydides.core.steps.ConsoleLoggingListener - FINISHING STEP
[Test worker] INFO net.thucydides.core.steps.ConsoleLoggingListener - STARTING STEP Then you should see on the console the photos information provided by the website
[Test worker] INFO net.thucydides.core.steps.ConsoleLoggingListener - STARTING STEP Then verify information photo should be (false)
[Test worker] INFO net.thucydides.core.steps.ConsoleLoggingListener - FINISHING STEP
[Test worker] INFO net.thucydides.core.steps.ConsoleLoggingListener - FINISHING STEP
[Test worker] INFO net.thucydides.core.steps.ConsoleLoggingListener - ?[92m
        __    _____ _____ ____ _____   ____   _    ____  ____  _____ ____  
  _     \ \  |_   _| ____/ ___|_   _| |  _ \ / \  / ___|/ ___|| ____|  _ \ 
 (_)_____| |   | | |  _| \___ \ | |   | |_) / _ \ \___ \\___ \|  _| | | | |
  _|_____| |   | | | |___ ___) || |   |  __/ ___ \ ___) |___) | |___| |_| |
 (_)     | |   |_| |_____|____/ |_|   |_| /_/   \_\____/|____/|_____|____/ 
        /_/                                                                

TEST PASSED: Interact to website on the option photos Andres Cepeda
----------------------------------------------------------------------------?[0m
[Test worker] INFO net.thucydides.core.steps.ConsoleLoggingListener - STARTING STEP Given Since you enter the website "https://andrescepeda.com.co/"
[Test worker] INFO net.thucydides.core.steps.ConsoleLoggingListener - STARTING STEP luna opens the https://andrescepeda.com.co/
sep. 01, 2022 4:01:23 P. M. org.openqa.selenium.remote.DesiredCapabilities chrome
INFO: Using `new ChromeOptions()` is preferred to `DesiredCapabilities.chrome()`
[Test worker] INFO net.serenitybdd.core.webdriver.driverproviders.ProvideNewDriver - Instantiating driver
[Test worker] INFO net.serenitybdd.core.webdriver.driverproviders.ProvideNewDriver - Driver capabilities: Capabilities {acceptInsecureCerts: false, browserName: chrome, chrome.switches: "--disable-notifications, -..., goog:chromeOptions: {args: [--", --disable-notifications, --enable-automation, --profile-directory=Default, --disable-web-security, --disable-plugins-discovery, --disk-cache-dir=null, --disable-popup-blocking, --disable-downloa-notification, --start-maximized, --ignore-certificate-errors, --allow-running-insecure-co..., --disable-translate, always..., --incognito", --enable-automation, --test-type], extensions: []}, loggingPrefs: org.openqa.selenium.logging..., platform: ANY, version: }
Starting ChromeDriver 104.0.5112.79 (3cf3e8c8a07d104b9e1260c910efb8f383285dc5-refs/branch-heads/5112@{#1307}) on port 43084
Only local connections are allowed.
Please see https://chromedriver.chromium.org/security-considerations for suggestions on keeping ChromeDriver safe.
ChromeDriver was started successfully.
sep. 01, 2022 4:01:25 P. M. org.openqa.selenium.remote.ProtocolHandshake createSession
INFO: Detected dialect: W3C
[Test worker] INFO net.thucydides.core.steps.ConsoleLoggingListener - FINISHING STEP
[Test worker] INFO net.thucydides.core.steps.ConsoleLoggingListener - FINISHING STEP
[Test worker] INFO net.thucydides.core.steps.ConsoleLoggingListener - STARTING STEP When select the option Store and buy two items
[Test worker] INFO net.thucydides.core.steps.ConsoleLoggingListener - STARTING STEP Luna buy items
[Test worker] INFO net.thucydides.core.steps.ConsoleLoggingListener - STARTING STEP luna clicks on Botón opción tienda
[Test worker] INFO net.thucydides.core.steps.ConsoleLoggingListener - FINISHING STEP
[Test worker] INFO net.thucydides.core.steps.ConsoleLoggingListener - STARTING STEP luna clicks on Botón opción articulo 1
[Test worker] INFO net.thucydides.core.steps.ConsoleLoggingListener - FINISHING STEP
[Test worker] INFO net.thucydides.core.steps.ConsoleLoggingListener - STARTING STEP luna clicks on Botón opción añadir al carrito
[Test worker] INFO net.thucydides.core.steps.ConsoleLoggingListener - FINISHING STEP
[Test worker] INFO net.thucydides.core.steps.ConsoleLoggingListener - STARTING STEP luna clicks on Botón opción seguir comprando
[Test worker] INFO net.thucydides.core.steps.ConsoleLoggingListener - FINISHING STEP
[Test worker] INFO net.thucydides.core.steps.ConsoleLoggingListener - STARTING STEP luna clicks on Botón opción articulo 2
[Test worker] INFO net.thucydides.core.steps.ConsoleLoggingListener - FINISHING STEP
[Test worker] INFO net.thucydides.core.steps.ConsoleLoggingListener - ?[91mSTEP ERROR: org.openqa.selenium.NoSuchElementException: no such element: Unable to locate element: {"method":"xpath","selector":"//body/div/div/div/div/div/div/div[2]/div/div[2]/p/span/bdi"}
  (Session info: chrome=104.0.5112.102)
For documentation on this error, please visit: https://www.seleniumhq.org/exceptions/no_such_element.html
Build info: version: '3.141.59', revision: 'e82be7d358', time: '2018-11-14T08:17:03'
System info: host: 'DESKTOP-7MNG5Q6', ip: '10.185.81.124', os.name: 'Windows 10', os.arch: 'amd64', os.version: '10.0', java.version: '15.0.2'
Driver info: org.openqa.selenium.chrome.ChromeDriver
Capabilities {acceptInsecureCerts: false, browserName: chrome, browserVersion: 104.0.5112.102, chrome: {chromedriverVersion: 104.0.5112.79 (3cf3e8c8a07d..., userDataDir: C:\Users\ADMIN\AppData\Loca...}, goog:chromeOptions: {debuggerAddress: localhost:52640}, javascriptEnabled: true, networkConnectionEnabled: false, pageLoadStrategy: normal, platform: WINDOWS, platformName: WINDOWS, proxy: Proxy(), setWindowRect: true, strictFileInteractability: false, timeouts: {implicit: 0, pageLoad: 300000, script: 30000}, unhandledPromptBehavior: dismiss and notify, webauthn:extension:credBlob: true, webauthn:extension:largeBlob: true, webauthn:virtualAuthenticators: true}
Session ID: 2893616b6c5ca5ae74eb71547461b4ef
*** Element info: {Using=xpath, value=//body/div/div/div/div/div/div/div[2]/div/div[2]/p/span/bdi}?[0m
[Test worker] INFO net.thucydides.core.steps.ConsoleLoggingListener - ?[91mSTEP ERROR: org.openqa.selenium.NoSuchElementException: no such element: Unable to locate element: {"method":"xpath","selector":"//body/div/div/div/div/div/div/div[2]/div/div[2]/p/span/bdi"}
  (Session info: chrome=104.0.5112.102)
For documentation on this error, please visit: https://www.seleniumhq.org/exceptions/no_such_element.html
Build info: version: '3.141.59', revision: 'e82be7d358', time: '2018-11-14T08:17:03'
System info: host: 'DESKTOP-7MNG5Q6', ip: '10.185.81.124', os.name: 'Windows 10', os.arch: 'amd64', os.version: '10.0', java.version: '15.0.2'
Driver info: org.openqa.selenium.chrome.ChromeDriver
Capabilities {acceptInsecureCerts: false, browserName: chrome, browserVersion: 104.0.5112.102, chrome: {chromedriverVersion: 104.0.5112.79 (3cf3e8c8a07d..., userDataDir: C:\Users\ADMIN\AppData\Loca...}, goog:chromeOptions: {debuggerAddress: localhost:52640}, javascriptEnabled: true, networkConnectionEnabled: false, pageLoadStrategy: normal, platform: WINDOWS, platformName: WINDOWS, proxy: Proxy(), setWindowRect: true, strictFileInteractability: false, timeouts: {implicit: 0, pageLoad: 300000, script: 30000}, unhandledPromptBehavior: dismiss and notify, webauthn:extension:credBlob: true, webauthn:extension:largeBlob: true, webauthn:virtualAuthenticators: true}
Session ID: 2893616b6c5ca5ae74eb71547461b4ef
*** Element info: {Using=xpath, value=//body/div/div/div/div/div/div/div[2]/div/div[2]/p/span/bdi}?[0m
[Test worker] INFO net.thucydides.core.steps.ConsoleLoggingListener - ?[91mSTEP ERROR: org.openqa.selenium.NoSuchElementException: no such element: Unable to locate element: {"method":"xpath","selector":"//body/div/div/div/div/div/div/div[2]/div/div[2]/p/span/bdi"}
  (Session info: chrome=104.0.5112.102)
For documentation on this error, please visit: https://www.seleniumhq.org/exceptions/no_such_element.html
Build info: version: '3.141.59', revision: 'e82be7d358', time: '2018-11-14T08:17:03'
System info: host: 'DESKTOP-7MNG5Q6', ip: '10.185.81.124', os.name: 'Windows 10', os.arch: 'amd64', os.version: '10.0', java.version: '15.0.2'
Driver info: org.openqa.selenium.chrome.ChromeDriver
Capabilities {acceptInsecureCerts: false, browserName: chrome, browserVersion: 104.0.5112.102, chrome: {chromedriverVersion: 104.0.5112.79 (3cf3e8c8a07d..., userDataDir: C:\Users\ADMIN\AppData\Loca...}, goog:chromeOptions: {debuggerAddress: localhost:52640}, javascriptEnabled: true, networkConnectionEnabled: false, pageLoadStrategy: normal, platform: WINDOWS, platformName: WINDOWS, proxy: Proxy(), setWindowRect: true, strictFileInteractability: false, timeouts: {implicit: 0, pageLoad: 300000, script: 30000}, unhandledPromptBehavior: dismiss and notify, webauthn:extension:credBlob: true, webauthn:extension:largeBlob: true, webauthn:virtualAuthenticators: true}
Session ID: 2893616b6c5ca5ae74eb71547461b4ef
*** Element info: {Using=xpath, value=//body/div/div/div/div/div/div/div[2]/div/div[2]/p/span/bdi}?[0m
[Test worker] INFO net.thucydides.core.steps.ConsoleLoggingListener - STARTING STEP Then you should see on the console the items information provided by the website
[Test worker] INFO net.thucydides.core.steps.ConsoleLoggingListener - ?[33mIGNORING STEP?[0m
[Test worker] ERROR net.thucydides.core.steps.ConsoleLoggingListener - ?[91m
           __  _____ _____ ____ _____   _____ _    ___ _     _____ ____  
  _       / / |_   _| ____/ ___|_   _| |  ___/ \  |_ _| |   | ____|  _ \ 
 (_)_____| |    | | |  _| \___ \ | |   | |_ / _ \  | || |   |  _| | | | |
  _|_____| |    | | | |___ ___) || |   |  _/ ___ \ | || |___| |___| |_| |
 (_)     | |    |_| |_____|____/ |_|   |_|/_/   \_\___|_____|_____|____/ 
          \_\                                                            

TEST FAILED WITH ERROR: Interact to website on the option store Andres Cepeda
---------------------------------------------------------------------?[0m
[Test worker] ERROR net.thucydides.core.steps.ConsoleLoggingListener - ?[91mTEST FAILED AT STEP Luna buy items?[0m
[Test worker] ERROR net.thucydides.core.steps.ConsoleLoggingListener - no such element: Unable to locate element: {"method":"xpath","selector":"//body/div/div/div/div/div/div/div[2]/div/div[2]/p/span/bdi"}
]]></system-err>
</testsuite>
