<?xml version="1.0" encoding="UTF-8"?>
<testsuite name="enter the page" tests="1" skipped="0" failures="0" errors="0" timestamp="2022-09-01T21:28:03" hostname="DESKTOP-7PSJJ0Q" time="71.164">
  <properties/>
  <testcase name="Interact to website on the option Store" classname="enter the page" time="71.164"/>
  <system-out><![CDATA[]]></system-out>
  <system-err><![CDATA[[Test worker] INFO net.thucydides.core.steps.ConsoleLoggingListener - STARTING STEP Given Since you enter the website "https://andrescepeda.com.co/"
[Test worker] INFO net.thucydides.core.steps.ConsoleLoggingListener - STARTING STEP luna opens the https://andrescepeda.com.co/
sep. 01, 2022 4:28:03 P. M. org.openqa.selenium.remote.DesiredCapabilities chrome
INFO: Using `new ChromeOptions()` is preferred to `DesiredCapabilities.chrome()`
[Test worker] INFO net.serenitybdd.core.webdriver.driverproviders.ProvideNewDriver - Instantiating driver
[Test worker] INFO net.serenitybdd.core.webdriver.driverproviders.ProvideNewDriver - Driver capabilities: Capabilities {acceptInsecureCerts: false, browserName: chrome, chrome.switches: "--disable-notifications, -..., goog:chromeOptions: {args: [--", --disable-notifications, --enable-automation, --profile-directory=Default, --disable-web-security, --disable-plugins-discovery, --disk-cache-dir=null, --disable-popup-blocking, --disable-downloa-notification, --start-maximized, --ignore-certificate-errors, --allow-running-insecure-co..., --disable-translate, always..., --incognito", --enable-automation, --test-type], extensions: []}, loggingPrefs: org.openqa.selenium.logging..., platform: ANY, version: }
Starting ChromeDriver 104.0.5112.79 (3cf3e8c8a07d104b9e1260c910efb8f383285dc5-refs/branch-heads/5112@{#1307}) on port 13993
Only local connections are allowed.
Please see https://chromedriver.chromium.org/security-considerations for suggestions on keeping ChromeDriver safe.
ChromeDriver was started successfully.
[1662067686.263][WARNING]: This version of ChromeDriver has not been tested with Chrome version 105.
sep. 01, 2022 4:28:06 P. M. org.openqa.selenium.remote.ProtocolHandshake createSession
INFO: Detected dialect: W3C
[Test worker] INFO net.thucydides.core.steps.ConsoleLoggingListener - FINISHING STEP
[Test worker] INFO net.thucydides.core.steps.ConsoleLoggingListener - FINISHING STEP
[Test worker] INFO net.thucydides.core.steps.ConsoleLoggingListener - STARTING STEP When select the option Store and buy two items
[Test worker] INFO net.thucydides.core.steps.ConsoleLoggingListener - STARTING STEP Luna buy items
[Test worker] INFO net.thucydides.core.steps.ConsoleLoggingListener - STARTING STEP luna clicks on Botón opción tienda
[Test worker] INFO net.thucydides.core.steps.ConsoleLoggingListener - FINISHING STEP
[Test worker] INFO net.thucydides.core.steps.ConsoleLoggingListener - STARTING STEP luna clicks on Botón opción articulo 1
[Test worker] INFO net.thucydides.core.steps.ConsoleLoggingListener - FINISHING STEP
[Test worker] INFO net.thucydides.core.steps.ConsoleLoggingListener - STARTING STEP luna clicks on Botón opción añadir al carrito
[Test worker] INFO net.thucydides.core.steps.ConsoleLoggingListener - FINISHING STEP
[Test worker] INFO net.thucydides.core.steps.ConsoleLoggingListener - STARTING STEP luna clicks on Botón opción seguir comprando
[Test worker] INFO net.thucydides.core.steps.ConsoleLoggingListener - FINISHING STEP
[Test worker] INFO net.thucydides.core.steps.ConsoleLoggingListener - STARTING STEP luna clicks on Botón opción articulo 2
[Test worker] INFO net.thucydides.core.steps.ConsoleLoggingListener - FINISHING STEP
[Test worker] INFO net.thucydides.core.steps.ConsoleLoggingListener - STARTING STEP luna clicks on Botón opción añadir al carrito
[Test worker] INFO net.thucydides.core.steps.ConsoleLoggingListener - FINISHING STEP
[Test worker] INFO net.thucydides.core.steps.ConsoleLoggingListener - STARTING STEP luna clicks on Botón opción finalizar compra
[Test worker] INFO net.thucydides.core.steps.ConsoleLoggingListener - FINISHING STEP
[Test worker] INFO net.thucydides.core.steps.ConsoleLoggingListener - FINISHING STEP
[Test worker] INFO net.thucydides.core.steps.ConsoleLoggingListener - FINISHING STEP
[Test worker] INFO net.thucydides.core.steps.ConsoleLoggingListener - STARTING STEP Then you should see on the console the items information provided by the website
[Test worker] INFO net.thucydides.core.steps.ConsoleLoggingListener - STARTING STEP Then verify information buy should be (false)
[Test worker] INFO net.thucydides.core.steps.ConsoleLoggingListener - FINISHING STEP
[Test worker] INFO net.thucydides.core.steps.ConsoleLoggingListener - FINISHING STEP
[Test worker] INFO net.thucydides.core.steps.ConsoleLoggingListener - ?[92m
        __    _____ _____ ____ _____   ____   _    ____  ____  _____ ____  
  _     \ \  |_   _| ____/ ___|_   _| |  _ \ / \  / ___|/ ___|| ____|  _ \ 
 (_)_____| |   | | |  _| \___ \ | |   | |_) / _ \ \___ \\___ \|  _| | | | |
  _|_____| |   | | | |___ ___) || |   |  __/ ___ \ ___) |___) | |___| |_| |
 (_)     | |   |_| |_____|____/ |_|   |_| /_/   \_\____/|____/|_____|____/ 
        /_/                                                                

TEST PASSED: Interact to website on the option Store
----------------------------------------------------------------------------?[0m
]]></system-err>
</testsuite>
