<?xml version="1.0" encoding="UTF-8"?>
<<<<<<< HEAD
<<<<<<< HEAD
<testsuite name="enter the page" tests="1" skipped="0" failures="0" errors="0" timestamp="2022-09-01T21:27:32" hostname="DESKTOP-7MNG5Q6" time="10.37">
  <properties/>
  <testcase name="enter the page" classname="enter the page" time="10.37"/>
  <system-out><![CDATA[SEP 8, 2022 THU
Bogotá - Me Importas Tour @ 8:00 PM
Bogotá, Colombia
]]></system-out>
  <system-err><![CDATA[[Test worker] INFO net.thucydides.core.steps.ConsoleLoggingListener - STARTING STEP Given Since you enter the website "https://andrescepeda.com.co/"
[Test worker] INFO net.thucydides.core.steps.ConsoleLoggingListener - STARTING STEP luna opens the https://andrescepeda.com.co/
sep. 01, 2022 4:27:33 P. M. org.openqa.selenium.remote.DesiredCapabilities chrome
INFO: Using `new ChromeOptions()` is preferred to `DesiredCapabilities.chrome()`
[Test worker] INFO net.serenitybdd.core.webdriver.driverproviders.ProvideNewDriver - Instantiating driver
[Test worker] INFO net.serenitybdd.core.webdriver.driverproviders.ProvideNewDriver - Driver capabilities: Capabilities {acceptInsecureCerts: false, browserName: chrome, chrome.switches: "--disable-notifications, -..., goog:chromeOptions: {args: [--", --disable-notifications, --enable-automation, --profile-directory=Default, --disable-web-security, --disable-plugins-discovery, --disk-cache-dir=null, --disable-popup-blocking, --disable-downloa-notification, --start-maximized, --ignore-certificate-errors, --allow-running-insecure-co..., --disable-translate, always..., --incognito", --enable-automation, --test-type], extensions: []}, loggingPrefs: org.openqa.selenium.logging..., platform: ANY, version: }
Starting ChromeDriver 104.0.5112.79 (3cf3e8c8a07d104b9e1260c910efb8f383285dc5-refs/branch-heads/5112@{#1307}) on port 44239
Only local connections are allowed.
Please see https://chromedriver.chromium.org/security-considerations for suggestions on keeping ChromeDriver safe.
ChromeDriver was started successfully.
sep. 01, 2022 4:27:35 P. M. org.openqa.selenium.remote.ProtocolHandshake createSession
=======
<testsuite name="enter the page" tests="5" skipped="0" failures="1" errors="0" timestamp="2022-09-01T21:21:40" hostname="DESKTOP-7PSJJ0Q" time="76.956">
=======
<testsuite name="enter the page" tests="1" skipped="0" failures="0" errors="0" timestamp="2022-09-01T21:28:03" hostname="DESKTOP-7PSJJ0Q" time="71.164">
>>>>>>> 4701fc2cc0b5619f64cb132ddf99925ab80449cf
  <properties/>
  <testcase name="Interact to website on the option Store" classname="enter the page" time="71.164"/>
  <system-out><![CDATA[]]></system-out>
  <system-err><![CDATA[[Test worker] INFO net.thucydides.core.steps.ConsoleLoggingListener - STARTING STEP Given Since you enter the website "https://andrescepeda.com.co/"
[Test worker] INFO net.thucydides.core.steps.ConsoleLoggingListener - STARTING STEP luna opens the https://andrescepeda.com.co/
sep. 01, 2022 4:28:03 P. M. org.openqa.selenium.remote.DesiredCapabilities chrome
INFO: Using `new ChromeOptions()` is preferred to `DesiredCapabilities.chrome()`
[Test worker] INFO net.serenitybdd.core.webdriver.driverproviders.ProvideNewDriver - Instantiating driver
[Test worker] INFO net.serenitybdd.core.webdriver.driverproviders.ProvideNewDriver - Driver capabilities: Capabilities {acceptInsecureCerts: false, browserName: chrome, chrome.switches: "--disable-notifications, -..., goog:chromeOptions: {args: [--", --disable-notifications, --enable-automation, --profile-directory=Default, --disable-web-security, --disable-plugins-discovery, --disk-cache-dir=null, --disable-popup-blocking, --disable-downloa-notification, --start-maximized, --ignore-certificate-errors, --allow-running-insecure-co..., --disable-translate, always..., --incognito", --enable-automation, --test-type], extensions: []}, loggingPrefs: org.openqa.selenium.logging..., platform: ANY, version: }
Starting ChromeDriver 104.0.5112.79 (3cf3e8c8a07d104b9e1260c910efb8f383285dc5-refs/branch-heads/5112@{#1307}) on port 13993
Only local connections are allowed.
Please see https://chromedriver.chromium.org/security-considerations for suggestions on keeping ChromeDriver safe.
ChromeDriver was started successfully.
<<<<<<< HEAD
[1662067303.055][WARNING]: This version of ChromeDriver has not been tested with Chrome version 105.
sep. 01, 2022 4:21:43 P. M. org.openqa.selenium.remote.ProtocolHandshake createSession
INFO: Detected dialect: W3C
[Test worker] INFO net.thucydides.core.steps.ConsoleLoggingListener - FINISHING STEP
[Test worker] INFO net.thucydides.core.steps.ConsoleLoggingListener - FINISHING STEP
[Test worker] INFO net.thucydides.core.steps.ConsoleLoggingListener - STARTING STEP When you select the News option and select a publication
[Test worker] INFO net.thucydides.core.steps.ConsoleLoggingListener - STARTING STEP Luna noticias
[Test worker] INFO net.thucydides.core.steps.ConsoleLoggingListener - STARTING STEP luna clicks on boton de noticias
[Test worker] INFO net.thucydides.core.steps.ConsoleLoggingListener - FINISHING STEP
[Test worker] INFO net.thucydides.core.steps.ConsoleLoggingListener - FINISHING STEP
[Test worker] INFO net.thucydides.core.steps.ConsoleLoggingListener - FINISHING STEP
[Test worker] INFO net.thucydides.core.steps.ConsoleLoggingListener - STARTING STEP Then You will then need to validate that the information provided by the page is displayed in the console and compared to a text.
[Test worker] INFO net.thucydides.core.steps.ConsoleLoggingListener - STARTING STEP Then noticias q should be 'ENTREVISTA: 'GUITARRA Y VOZ', LA PROPUESTA M&Aacute;S &Iacute;NTIMA DE ANDR&Eacute;S CEPEDA'
[Test worker] INFO net.thucydides.core.steps.ConsoleLoggingListener - FINISHING STEP
[Test worker] INFO net.thucydides.core.steps.ConsoleLoggingListener - FINISHING STEP
[Test worker] INFO net.thucydides.core.steps.ConsoleLoggingListener - ?[92m
        __    _____ _____ ____ _____   ____   _    ____  ____  _____ ____  
  _     \ \  |_   _| ____/ ___|_   _| |  _ \ / \  / ___|/ ___|| ____|  _ \ 
 (_)_____| |   | | |  _| \___ \ | |   | |_) / _ \ \___ \\___ \|  _| | | | |
  _|_____| |   | | | |___ ___) || |   |  __/ ___ \ ___) |___) | |___| |_| |
 (_)     | |   |_| |_____|____/ |_|   |_| /_/   \_\____/|____/|_____|____/ 
        /_/                                                                

TEST PASSED: Interact to website on the option News
----------------------------------------------------------------------------?[0m
[Test worker] INFO net.thucydides.core.steps.ConsoleLoggingListener - STARTING STEP Given Since you enter the website "https://andrescepeda.com.co/"
[Test worker] INFO net.thucydides.core.steps.ConsoleLoggingListener - STARTING STEP luna opens the https://andrescepeda.com.co/
sep. 01, 2022 4:21:49 P. M. org.openqa.selenium.remote.DesiredCapabilities chrome
INFO: Using `new ChromeOptions()` is preferred to `DesiredCapabilities.chrome()`
[Test worker] INFO net.serenitybdd.core.webdriver.driverproviders.ProvideNewDriver - Instantiating driver
[Test worker] INFO net.serenitybdd.core.webdriver.driverproviders.ProvideNewDriver - Driver capabilities: Capabilities {acceptInsecureCerts: false, browserName: chrome, chrome.switches: "--disable-notifications, -..., goog:chromeOptions: {args: [--", --disable-notifications, --enable-automation, --profile-directory=Default, --disable-web-security, --disable-plugins-discovery, --disk-cache-dir=null, --disable-popup-blocking, --disable-downloa-notification, --start-maximized, --ignore-certificate-errors, --allow-running-insecure-co..., --disable-translate, always..., --incognito", --enable-automation, --test-type], extensions: []}, loggingPrefs: org.openqa.selenium.logging..., platform: ANY, version: }
Starting ChromeDriver 104.0.5112.79 (3cf3e8c8a07d104b9e1260c910efb8f383285dc5-refs/branch-heads/5112@{#1307}) on port 33778
Only local connections are allowed.
Please see https://chromedriver.chromium.org/security-considerations for suggestions on keeping ChromeDriver safe.
ChromeDriver was started successfully.
[1662067310.675][WARNING]: This version of ChromeDriver has not been tested with Chrome version 105.
sep. 01, 2022 4:21:50 P. M. org.openqa.selenium.remote.ProtocolHandshake createSession
INFO: Detected dialect: W3C
[Test worker] INFO net.thucydides.core.steps.ConsoleLoggingListener - FINISHING STEP
[Test worker] INFO net.thucydides.core.steps.ConsoleLoggingListener - FINISHING STEP
[Test worker] INFO net.thucydides.core.steps.ConsoleLoggingListener - STARTING STEP When When you select the BIO option
[Test worker] INFO net.thucydides.core.steps.ConsoleLoggingListener - STARTING STEP Luna bio
[Test worker] INFO net.thucydides.core.steps.ConsoleLoggingListener - STARTING STEP luna clicks on boton de bio
[Test worker] INFO net.thucydides.core.steps.ConsoleLoggingListener - FINISHING STEP
[Test worker] INFO net.thucydides.core.steps.ConsoleLoggingListener - FINISHING STEP
[Test worker] INFO net.thucydides.core.steps.ConsoleLoggingListener - FINISHING STEP
[Test worker] INFO net.thucydides.core.steps.ConsoleLoggingListener - STARTING STEP Then When you select the BIO option bio
[Test worker] INFO net.thucydides.core.steps.ConsoleLoggingListener - STARTING STEP Then bio q should be (false)
[Test worker] INFO net.thucydides.core.steps.ConsoleLoggingListener - FINISHING STEP
[Test worker] INFO net.thucydides.core.steps.ConsoleLoggingListener - FINISHING STEP
[Test worker] INFO net.thucydides.core.steps.ConsoleLoggingListener - ?[92m
        __    _____ _____ ____ _____   ____   _    ____  ____  _____ ____  
  _     \ \  |_   _| ____/ ___|_   _| |  _ \ / \  / ___|/ ___|| ____|  _ \ 
 (_)_____| |   | | |  _| \___ \ | |   | |_) / _ \ \___ \\___ \|  _| | | | |
  _|_____| |   | | | |___ ___) || |   |  __/ ___ \ ___) |___) | |___| |_| |
 (_)     | |   |_| |_____|____/ |_|   |_| /_/   \_\____/|____/|_____|____/ 
        /_/                                                                

TEST PASSED: Interact to website on the option Bio
----------------------------------------------------------------------------?[0m
[Test worker] INFO net.thucydides.core.steps.ConsoleLoggingListener - STARTING STEP Given Since you enter the website "https://andrescepeda.com.co/"
[Test worker] INFO net.thucydides.core.steps.ConsoleLoggingListener - STARTING STEP luna opens the https://andrescepeda.com.co/
sep. 01, 2022 4:21:56 P. M. org.openqa.selenium.remote.DesiredCapabilities chrome
INFO: Using `new ChromeOptions()` is preferred to `DesiredCapabilities.chrome()`
[Test worker] INFO net.serenitybdd.core.webdriver.driverproviders.ProvideNewDriver - Instantiating driver
[Test worker] INFO net.serenitybdd.core.webdriver.driverproviders.ProvideNewDriver - Driver capabilities: Capabilities {acceptInsecureCerts: false, browserName: chrome, chrome.switches: "--disable-notifications, -..., goog:chromeOptions: {args: [--", --disable-notifications, --enable-automation, --profile-directory=Default, --disable-web-security, --disable-plugins-discovery, --disk-cache-dir=null, --disable-popup-blocking, --disable-downloa-notification, --start-maximized, --ignore-certificate-errors, --allow-running-insecure-co..., --disable-translate, always..., --incognito", --enable-automation, --test-type], extensions: []}, loggingPrefs: org.openqa.selenium.logging..., platform: ANY, version: }
Starting ChromeDriver 104.0.5112.79 (3cf3e8c8a07d104b9e1260c910efb8f383285dc5-refs/branch-heads/5112@{#1307}) on port 34108
Only local connections are allowed.
Please see https://chromedriver.chromium.org/security-considerations for suggestions on keeping ChromeDriver safe.
ChromeDriver was started successfully.
[1662067318.053][WARNING]: This version of ChromeDriver has not been tested with Chrome version 105.
sep. 01, 2022 4:21:58 P. M. org.openqa.selenium.remote.ProtocolHandshake createSession
>>>>>>> 563f33ba1988cb3b4eb022108c649d7a059fb268
INFO: Detected dialect: W3C
[Test worker] INFO net.thucydides.core.steps.ConsoleLoggingListener - FINISHING STEP
[Test worker] INFO net.thucydides.core.steps.ConsoleLoggingListener - FINISHING STEP
[Test worker] INFO net.thucydides.core.steps.ConsoleLoggingListener - STARTING STEP When When you select the Events option and the Upcoming Events option
[Test worker] INFO net.thucydides.core.steps.ConsoleLoggingListener - STARTING STEP Luna event
[Test worker] INFO net.thucydides.core.steps.ConsoleLoggingListener - STARTING STEP luna clicks on boton de proximos eventos
<<<<<<< HEAD
[Test worker] INFO net.thucydides.core.steps.ConsoleLoggingListener - FINISHING STEP
[Test worker] INFO net.thucydides.core.steps.ConsoleLoggingListener - FINISHING STEP
[Test worker] INFO net.thucydides.core.steps.ConsoleLoggingListener - FINISHING STEP
[Test worker] INFO net.thucydides.core.steps.ConsoleLoggingListener - STARTING STEP Then When you select the Events option and the Upcoming Events option event
[Test worker] INFO net.thucydides.core.steps.ConsoleLoggingListener - STARTING STEP Then event q should be (false)
=======
[Test worker] INFO net.thucydides.core.steps.ConsoleLoggingListener - ?[91mSTEP ERROR: org.openqa.selenium.ElementClickInterceptedException: element click intercepted: Element <a href="/live" class="sqs-block-button-element--small sqs-button-element--tertiary sqs-block-button-element" data-initialized="true">...</a> is not clickable at point (674, 22). Other element would receive the click: <a href="/#discografa-section">...</a>
  (Session info: chrome=105.0.5195.53)
Build info: version: '3.141.59', revision: 'e82be7d358', time: '2018-11-14T08:17:03'
System info: host: 'DESKTOP-7PSJJ0Q', ip: '10.185.81.80', os.name: 'Windows 10', os.arch: 'amd64', os.version: '10.0', java.version: '15'
Driver info: org.openqa.selenium.chrome.ChromeDriver
Capabilities {acceptInsecureCerts: false, browserName: chrome, browserVersion: 105.0.5195.53, chrome: {chromedriverVersion: 104.0.5112.79 (3cf3e8c8a07d..., userDataDir: C:\Users\SENA\AppData\Local...}, goog:chromeOptions: {debuggerAddress: localhost:54543}, javascriptEnabled: true, networkConnectionEnabled: false, pageLoadStrategy: normal, platform: WINDOWS, platformName: WINDOWS, proxy: Proxy(), setWindowRect: true, strictFileInteractability: false, timeouts: {implicit: 0, pageLoad: 300000, script: 30000}, unhandledPromptBehavior: dismiss and notify, webauthn:extension:credBlob: true, webauthn:extension:largeBlob: true, webauthn:virtualAuthenticators: true}
Session ID: e7251d6f3c3f19e95f67b3a40598330e?[0m
[Test worker] INFO net.thucydides.core.steps.ConsoleLoggingListener - ?[91mSTEP ERROR: org.openqa.selenium.ElementClickInterceptedException: element click intercepted: Element <a href="/live" class="sqs-block-button-element--small sqs-button-element--tertiary sqs-block-button-element" data-initialized="true">...</a> is not clickable at point (674, 22). Other element would receive the click: <a href="/#discografa-section">...</a>
  (Session info: chrome=105.0.5195.53)
Build info: version: '3.141.59', revision: 'e82be7d358', time: '2018-11-14T08:17:03'
System info: host: 'DESKTOP-7PSJJ0Q', ip: '10.185.81.80', os.name: 'Windows 10', os.arch: 'amd64', os.version: '10.0', java.version: '15'
Driver info: org.openqa.selenium.chrome.ChromeDriver
Capabilities {acceptInsecureCerts: false, browserName: chrome, browserVersion: 105.0.5195.53, chrome: {chromedriverVersion: 104.0.5112.79 (3cf3e8c8a07d..., userDataDir: C:\Users\SENA\AppData\Local...}, goog:chromeOptions: {debuggerAddress: localhost:54543}, javascriptEnabled: true, networkConnectionEnabled: false, pageLoadStrategy: normal, platform: WINDOWS, platformName: WINDOWS, proxy: Proxy(), setWindowRect: true, strictFileInteractability: false, timeouts: {implicit: 0, pageLoad: 300000, script: 30000}, unhandledPromptBehavior: dismiss and notify, webauthn:extension:credBlob: true, webauthn:extension:largeBlob: true, webauthn:virtualAuthenticators: true}
Session ID: e7251d6f3c3f19e95f67b3a40598330e?[0m
[Test worker] INFO net.thucydides.core.steps.ConsoleLoggingListener - ?[91mSTEP ERROR: org.openqa.selenium.ElementClickInterceptedException: element click intercepted: Element <a href="/live" class="sqs-block-button-element--small sqs-button-element--tertiary sqs-block-button-element" data-initialized="true">...</a> is not clickable at point (674, 22). Other element would receive the click: <a href="/#discografa-section">...</a>
  (Session info: chrome=105.0.5195.53)
Build info: version: '3.141.59', revision: 'e82be7d358', time: '2018-11-14T08:17:03'
System info: host: 'DESKTOP-7PSJJ0Q', ip: '10.185.81.80', os.name: 'Windows 10', os.arch: 'amd64', os.version: '10.0', java.version: '15'
Driver info: org.openqa.selenium.chrome.ChromeDriver
Capabilities {acceptInsecureCerts: false, browserName: chrome, browserVersion: 105.0.5195.53, chrome: {chromedriverVersion: 104.0.5112.79 (3cf3e8c8a07d..., userDataDir: C:\Users\SENA\AppData\Local...}, goog:chromeOptions: {debuggerAddress: localhost:54543}, javascriptEnabled: true, networkConnectionEnabled: false, pageLoadStrategy: normal, platform: WINDOWS, platformName: WINDOWS, proxy: Proxy(), setWindowRect: true, strictFileInteractability: false, timeouts: {implicit: 0, pageLoad: 300000, script: 30000}, unhandledPromptBehavior: dismiss and notify, webauthn:extension:credBlob: true, webauthn:extension:largeBlob: true, webauthn:virtualAuthenticators: true}
Session ID: e7251d6f3c3f19e95f67b3a40598330e?[0m
[Test worker] INFO net.thucydides.core.steps.ConsoleLoggingListener - ?[91mSTEP ERROR: org.openqa.selenium.ElementClickInterceptedException: element click intercepted: Element <a href="/live" class="sqs-block-button-element--small sqs-button-element--tertiary sqs-block-button-element" data-initialized="true">...</a> is not clickable at point (674, 22). Other element would receive the click: <a href="/#discografa-section">...</a>
  (Session info: chrome=105.0.5195.53)
Build info: version: '3.141.59', revision: 'e82be7d358', time: '2018-11-14T08:17:03'
System info: host: 'DESKTOP-7PSJJ0Q', ip: '10.185.81.80', os.name: 'Windows 10', os.arch: 'amd64', os.version: '10.0', java.version: '15'
Driver info: org.openqa.selenium.chrome.ChromeDriver
Capabilities {acceptInsecureCerts: false, browserName: chrome, browserVersion: 105.0.5195.53, chrome: {chromedriverVersion: 104.0.5112.79 (3cf3e8c8a07d..., userDataDir: C:\Users\SENA\AppData\Local...}, goog:chromeOptions: {debuggerAddress: localhost:54543}, javascriptEnabled: true, networkConnectionEnabled: false, pageLoadStrategy: normal, platform: WINDOWS, platformName: WINDOWS, proxy: Proxy(), setWindowRect: true, strictFileInteractability: false, timeouts: {implicit: 0, pageLoad: 300000, script: 30000}, unhandledPromptBehavior: dismiss and notify, webauthn:extension:credBlob: true, webauthn:extension:largeBlob: true, webauthn:virtualAuthenticators: true}
Session ID: e7251d6f3c3f19e95f67b3a40598330e?[0m
[Test worker] INFO net.thucydides.core.steps.ConsoleLoggingListener - STARTING STEP Then When you select the Events option and the Upcoming Events option event
[Test worker] INFO net.thucydides.core.steps.ConsoleLoggingListener - ?[33mIGNORING STEP?[0m
[Test worker] ERROR net.thucydides.core.steps.ConsoleLoggingListener - ?[91m
           __  _____ _____ ____ _____   _____ _    ___ _     _____ ____  
  _       / / |_   _| ____/ ___|_   _| |  ___/ \  |_ _| |   | ____|  _ \ 
 (_)_____| |    | | |  _| \___ \ | |   | |_ / _ \  | || |   |  _| | | | |
  _|_____| |    | | | |___ ___) || |   |  _/ ___ \ | || |___| |___| |_| |
 (_)     | |    |_| |_____|____/ |_|   |_|/_/   \_\___|_____|_____|____/ 
          \_\                                                            

TEST FAILED WITH ERROR: Interact to website on the option Events
---------------------------------------------------------------------?[0m
[Test worker] ERROR net.thucydides.core.steps.ConsoleLoggingListener - ?[91mTEST FAILED AT STEP luna clicks on boton de proximos eventos?[0m
[Test worker] ERROR net.thucydides.core.steps.ConsoleLoggingListener - element click intercepted: Element <a href="/live" class="sqs-block-button-element--small sqs-button-element--tertiary sqs-block-button-element" data-initialized="true">...</a> is not clickable at point (674, 22). Other element would receive the click: <a href="/#discografa-section">...</a>
[Test worker] INFO net.thucydides.core.steps.ConsoleLoggingListener - STARTING STEP Given Since you enter the website "https://andrescepeda.com.co/"
[Test worker] INFO net.thucydides.core.steps.ConsoleLoggingListener - STARTING STEP luna opens the https://andrescepeda.com.co/
sep. 01, 2022 4:22:04 P. M. org.openqa.selenium.remote.DesiredCapabilities chrome
INFO: Using `new ChromeOptions()` is preferred to `DesiredCapabilities.chrome()`
[Test worker] INFO net.serenitybdd.core.webdriver.driverproviders.ProvideNewDriver - Instantiating driver
[Test worker] INFO net.serenitybdd.core.webdriver.driverproviders.ProvideNewDriver - Driver capabilities: Capabilities {acceptInsecureCerts: false, browserName: chrome, chrome.switches: "--disable-notifications, -..., goog:chromeOptions: {args: [--", --disable-notifications, --enable-automation, --profile-directory=Default, --disable-web-security, --disable-plugins-discovery, --disk-cache-dir=null, --disable-popup-blocking, --disable-downloa-notification, --start-maximized, --ignore-certificate-errors, --allow-running-insecure-co..., --disable-translate, always..., --incognito", --enable-automation, --test-type], extensions: []}, loggingPrefs: org.openqa.selenium.logging..., platform: ANY, version: }
Starting ChromeDriver 104.0.5112.79 (3cf3e8c8a07d104b9e1260c910efb8f383285dc5-refs/branch-heads/5112@{#1307}) on port 39915
Only local connections are allowed.
Please see https://chromedriver.chromium.org/security-considerations for suggestions on keeping ChromeDriver safe.
ChromeDriver was started successfully.
[1662067325.597][WARNING]: This version of ChromeDriver has not been tested with Chrome version 105.
sep. 01, 2022 4:22:05 P. M. org.openqa.selenium.remote.ProtocolHandshake createSession
INFO: Detected dialect: W3C
[Test worker] INFO net.thucydides.core.steps.ConsoleLoggingListener - FINISHING STEP
[Test worker] INFO net.thucydides.core.steps.ConsoleLoggingListener - FINISHING STEP
[Test worker] INFO net.thucydides.core.steps.ConsoleLoggingListener - STARTING STEP When select the option Photos and select the one publication
[Test worker] INFO net.thucydides.core.steps.ConsoleLoggingListener - STARTING STEP Luna information photos
[Test worker] INFO net.thucydides.core.steps.ConsoleLoggingListener - STARTING STEP luna clicks on Botón opción fotos
[Test worker] INFO net.thucydides.core.steps.ConsoleLoggingListener - FINISHING STEP
[Test worker] INFO net.thucydides.core.steps.ConsoleLoggingListener - FINISHING STEP
[Test worker] INFO net.thucydides.core.steps.ConsoleLoggingListener - FINISHING STEP
[Test worker] INFO net.thucydides.core.steps.ConsoleLoggingListener - STARTING STEP Then you should see on the console the photos information provided by the website
[Test worker] INFO net.thucydides.core.steps.ConsoleLoggingListener - STARTING STEP Then verify information photo should be (false)
>>>>>>> 563f33ba1988cb3b4eb022108c649d7a059fb268
[Test worker] INFO net.thucydides.core.steps.ConsoleLoggingListener - FINISHING STEP
[Test worker] INFO net.thucydides.core.steps.ConsoleLoggingListener - FINISHING STEP
[Test worker] INFO net.thucydides.core.steps.ConsoleLoggingListener - ?[92m
        __    _____ _____ ____ _____   ____   _    ____  ____  _____ ____  
  _     \ \  |_   _| ____/ ___|_   _| |  _ \ / \  / ___|/ ___|| ____|  _ \ 
 (_)_____| |   | | |  _| \___ \ | |   | |_) / _ \ \___ \\___ \|  _| | | | |
  _|_____| |   | | | |___ ___) || |   |  __/ ___ \ ___) |___) | |___| |_| |
 (_)     | |   |_| |_____|____/ |_|   |_| /_/   \_\____/|____/|_____|____/ 
        /_/                                                                

<<<<<<< HEAD
TEST PASSED: enter the page
----------------------------------------------------------------------------?[0m
=======
TEST PASSED: Interact to website on the option Photos
----------------------------------------------------------------------------?[0m
[Test worker] INFO net.thucydides.core.steps.ConsoleLoggingListener - STARTING STEP Given Since you enter the website "https://andrescepeda.com.co/"
[Test worker] INFO net.thucydides.core.steps.ConsoleLoggingListener - STARTING STEP luna opens the https://andrescepeda.com.co/
sep. 01, 2022 4:22:22 P. M. org.openqa.selenium.remote.DesiredCapabilities chrome
INFO: Using `new ChromeOptions()` is preferred to `DesiredCapabilities.chrome()`
[Test worker] INFO net.serenitybdd.core.webdriver.driverproviders.ProvideNewDriver - Instantiating driver
[Test worker] INFO net.serenitybdd.core.webdriver.driverproviders.ProvideNewDriver - Driver capabilities: Capabilities {acceptInsecureCerts: false, browserName: chrome, chrome.switches: "--disable-notifications, -..., goog:chromeOptions: {args: [--", --disable-notifications, --enable-automation, --profile-directory=Default, --disable-web-security, --disable-plugins-discovery, --disk-cache-dir=null, --disable-popup-blocking, --disable-downloa-notification, --start-maximized, --ignore-certificate-errors, --allow-running-insecure-co..., --disable-translate, always..., --incognito", --enable-automation, --test-type], extensions: []}, loggingPrefs: org.openqa.selenium.logging..., platform: ANY, version: }
Starting ChromeDriver 104.0.5112.79 (3cf3e8c8a07d104b9e1260c910efb8f383285dc5-refs/branch-heads/5112@{#1307}) on port 19801
Only local connections are allowed.
Please see https://chromedriver.chromium.org/security-considerations for suggestions on keeping ChromeDriver safe.
ChromeDriver was started successfully.
[1662067343.680][WARNING]: This version of ChromeDriver has not been tested with Chrome version 105.
sep. 01, 2022 4:22:23 P. M. org.openqa.selenium.remote.ProtocolHandshake createSession
=======
[1662067686.263][WARNING]: This version of ChromeDriver has not been tested with Chrome version 105.
sep. 01, 2022 4:28:06 P. M. org.openqa.selenium.remote.ProtocolHandshake createSession
>>>>>>> 4701fc2cc0b5619f64cb132ddf99925ab80449cf
INFO: Detected dialect: W3C
[Test worker] INFO net.thucydides.core.steps.ConsoleLoggingListener - FINISHING STEP
[Test worker] INFO net.thucydides.core.steps.ConsoleLoggingListener - FINISHING STEP
[Test worker] INFO net.thucydides.core.steps.ConsoleLoggingListener - STARTING STEP When select the option Store and buy two items
[Test worker] INFO net.thucydides.core.steps.ConsoleLoggingListener - STARTING STEP Luna buy items
[Test worker] INFO net.thucydides.core.steps.ConsoleLoggingListener - STARTING STEP luna clicks on Botón opción tienda
[Test worker] INFO net.thucydides.core.steps.ConsoleLoggingListener - FINISHING STEP
[Test worker] INFO net.thucydides.core.steps.ConsoleLoggingListener - STARTING STEP luna clicks on Botón opción articulo 1
[Test worker] INFO net.thucydides.core.steps.ConsoleLoggingListener - FINISHING STEP
[Test worker] INFO net.thucydides.core.steps.ConsoleLoggingListener - STARTING STEP luna clicks on Botón opción añadir al carrito
[Test worker] INFO net.thucydides.core.steps.ConsoleLoggingListener - FINISHING STEP
[Test worker] INFO net.thucydides.core.steps.ConsoleLoggingListener - STARTING STEP luna clicks on Botón opción seguir comprando
[Test worker] INFO net.thucydides.core.steps.ConsoleLoggingListener - FINISHING STEP
[Test worker] INFO net.thucydides.core.steps.ConsoleLoggingListener - STARTING STEP luna clicks on Botón opción articulo 2
[Test worker] INFO net.thucydides.core.steps.ConsoleLoggingListener - FINISHING STEP
[Test worker] INFO net.thucydides.core.steps.ConsoleLoggingListener - STARTING STEP luna clicks on Botón opción añadir al carrito
[Test worker] INFO net.thucydides.core.steps.ConsoleLoggingListener - FINISHING STEP
[Test worker] INFO net.thucydides.core.steps.ConsoleLoggingListener - STARTING STEP luna clicks on Botón opción finalizar compra
[Test worker] INFO net.thucydides.core.steps.ConsoleLoggingListener - FINISHING STEP
[Test worker] INFO net.thucydides.core.steps.ConsoleLoggingListener - FINISHING STEP
[Test worker] INFO net.thucydides.core.steps.ConsoleLoggingListener - FINISHING STEP
[Test worker] INFO net.thucydides.core.steps.ConsoleLoggingListener - STARTING STEP Then you should see on the console the items information provided by the website
[Test worker] INFO net.thucydides.core.steps.ConsoleLoggingListener - STARTING STEP Then verify information buy should be (false)
[Test worker] INFO net.thucydides.core.steps.ConsoleLoggingListener - FINISHING STEP
[Test worker] INFO net.thucydides.core.steps.ConsoleLoggingListener - FINISHING STEP
[Test worker] INFO net.thucydides.core.steps.ConsoleLoggingListener - ?[92m
        __    _____ _____ ____ _____   ____   _    ____  ____  _____ ____  
  _     \ \  |_   _| ____/ ___|_   _| |  _ \ / \  / ___|/ ___|| ____|  _ \ 
 (_)_____| |   | | |  _| \___ \ | |   | |_) / _ \ \___ \\___ \|  _| | | | |
  _|_____| |   | | | |___ ___) || |   |  __/ ___ \ ___) |___) | |___| |_| |
 (_)     | |   |_| |_____|____/ |_|   |_| /_/   \_\____/|____/|_____|____/ 
        /_/                                                                

TEST PASSED: Interact to website on the option Store
----------------------------------------------------------------------------?[0m
>>>>>>> 563f33ba1988cb3b4eb022108c649d7a059fb268
]]></system-err>
</testsuite>
